<?xml version="1.0" encoding="UTF-8"?>
<testsuites>
  <testsuite name="Project Test Suite" tests="4" assertions="4" errors="0" failures="0" skipped="0" time="0.887897">
    <testsuite name="App\Tests\PartenaireControllerTest" file="/home/birame/Transfert-Argent-BackEnd/tests/PartenaireControllerTest.php" tests="3" assertions="3" errors="0" failures="0" skipped="0" time="0.752154">
      <testcase name="testIndex" class="App\Tests\PartenaireControllerTest" classname="App.Tests.PartenaireControllerTest" file="/home/birame/Transfert-Argent-BackEnd/tests/PartenaireControllerTest.php" line="9" assertions="1" time="0.545350"/>
      <testcase name="testAjoutOk" class="App\Tests\PartenaireControllerTest" classname="App.Tests.PartenaireControllerTest" file="/home/birame/Transfert-Argent-BackEnd/tests/PartenaireControllerTest.php" line="20" assertions="1" time="0.095271">
        <system-out>/home/birame/Transfert-Argent-BackEnd/tests/PartenaireControllerTest.php:39:
class Lexik\Bundle\JWTAuthenticationBundle\Response\JWTAuthenticationFailureResponse#8336 (10) {
  private $message =&gt;
  string(19) "JWT Token not found"
  protected $data =&gt;
  string(44) "{"code":401,"message":"JWT Token not found"}"
  protected $callback =&gt;
  NULL
  protected $encodingOptions =&gt;
  int(15)
  public $headers =&gt;
  class Symfony\Component\HttpFoundation\ResponseHeaderBag#8337 (5) {
    protected $computedCacheControl =&gt;
    array(2) {
      'no-cache' =&gt;
      bool(true)
      'private' =&gt;
      bool(true)
    }
    protected $cookies =&gt;
    array(0) {
    }
    protected $headerNames =&gt;
    array(6) {
      'www-authenticate' =&gt;
      string(16) "WWW-Authenticate"
      'cache-control' =&gt;
      string(13) "Cache-Control"
      'date' =&gt;
      string(4) "Date"
      'content-type' =&gt;
      string(12) "Content-Type"
      'link' =&gt;
      string(4) "Link"
      'x-robots-tag' =&gt;
      string(12) "X-Robots-Tag"
    }
    protected $headers =&gt;
    array(6) {
      'www-authenticate' =&gt;
      array(1) {
        ...
      }
      'cache-control' =&gt;
      array(1) {
        ...
      }
      'date' =&gt;
      array(1) {
        ...
      }
      'content-type' =&gt;
      array(1) {
        ...
      }
      'link' =&gt;
      array(1) {
        ...
      }
      'x-robots-tag' =&gt;
      array(1) {
        ...
      }
    }
    protected $cacheControl =&gt;
    array(0) {
    }
  }
  protected $content =&gt;
  string(44) "{"code":401,"message":"JWT Token not found"}"
  protected $version =&gt;
  string(3) "1.1"
  protected $statusCode =&gt;
  int(401)
  protected $statusText =&gt;
  string(12) "Unauthorized"
  protected $charset =&gt;
  string(5) "UTF-8"
}
</system-out>
      </testcase>
      <testcase name="testAjoutKo" class="App\Tests\PartenaireControllerTest" classname="App.Tests.PartenaireControllerTest" file="/home/birame/Transfert-Argent-BackEnd/tests/PartenaireControllerTest.php" line="43" assertions="1" time="0.111533">
        <system-out>/home/birame/Transfert-Argent-BackEnd/tests/PartenaireControllerTest.php:62:
class Lexik\Bundle\JWTAuthenticationBundle\Response\JWTAuthenticationFailureResponse#8822 (10) {
  private $message =&gt;
  string(19) "JWT Token not found"
  protected $data =&gt;
  string(44) "{"code":401,"message":"JWT Token not found"}"
  protected $callback =&gt;
  NULL
  protected $encodingOptions =&gt;
  int(15)
  public $headers =&gt;
  class Symfony\Component\HttpFoundation\ResponseHeaderBag#8823 (5) {
    protected $computedCacheControl =&gt;
    array(2) {
      'no-cache' =&gt;
      bool(true)
      'private' =&gt;
      bool(true)
    }
    protected $cookies =&gt;
    array(0) {
    }
    protected $headerNames =&gt;
    array(6) {
      'www-authenticate' =&gt;
      string(16) "WWW-Authenticate"
      'cache-control' =&gt;
      string(13) "Cache-Control"
      'date' =&gt;
      string(4) "Date"
      'content-type' =&gt;
      string(12) "Content-Type"
      'link' =&gt;
      string(4) "Link"
      'x-robots-tag' =&gt;
      string(12) "X-Robots-Tag"
    }
    protected $headers =&gt;
    array(6) {
      'www-authenticate' =&gt;
      array(1) {
        ...
      }
      'cache-control' =&gt;
      array(1) {
        ...
      }
      'date' =&gt;
      array(1) {
        ...
      }
      'content-type' =&gt;
      array(1) {
        ...
      }
      'link' =&gt;
      array(1) {
        ...
      }
      'x-robots-tag' =&gt;
      array(1) {
        ...
      }
    }
    protected $cacheControl =&gt;
    array(0) {
    }
  }
  protected $content =&gt;
  string(44) "{"code":401,"message":"JWT Token not found"}"
  protected $version =&gt;
  string(3) "1.1"
  protected $statusCode =&gt;
  int(401)
  protected $statusText =&gt;
  string(12) "Unauthorized"
  protected $charset =&gt;
  string(5) "UTF-8"
}
</system-out>
      </testcase>
    </testsuite>
    <testsuite name="App\Tests\VersementControllerTest" file="/home/birame/Transfert-Argent-BackEnd/tests/VersementControllerTest.php" tests="1" assertions="1" errors="0" failures="0" skipped="0" time="0.135743">
      <testcase name="testIndex" class="App\Tests\VersementControllerTest" classname="App.Tests.VersementControllerTest" file="/home/birame/Transfert-Argent-BackEnd/tests/VersementControllerTest.php" line="8" assertions="1" time="0.135743"/>
    </testsuite>
  </testsuite>
</testsuites>
